<?xml version="1.0" encoding="UTF-8"?>
<!-- Generated by org.testng.reporters.JUnitReportReporter -->
<testsuite skipped="0" hostname="Sashank" name="learnAutomation.NewTest" tests="2" failures="0" timestamp="31 Jan 2019 23:24:30 GMT" time="0.002" errors="0">
  <testcase name="f" time="0.001" classname="learnAutomation.NewTest"/>
  <testcase name="f1" time="0.001" classname="learnAutomation.NewTest"/>
</testsuite> <!-- learnAutomation.NewTest -->
