<?xml version="1.0" encoding="UTF-8"?>
<!-- Generated by org.testng.reporters.JUnitReportReporter -->
<testsuite skipped="0" hostname="Sashank" name="learnAutomation.ExplicitWait" tests="1" failures="0" timestamp="17 Apr 2019 18:46:14 GMT" time="45.439" errors="0">
  <testcase name="explicitTest" time="45.439" classname="learnAutomation.ExplicitWait"/>
</testsuite> <!-- learnAutomation.ExplicitWait -->
