<?xml version="1.0" encoding="UTF-8"?>
<!-- Generated by org.testng.reporters.JUnitReportReporter -->
<testsuite skipped="0" hostname="Sashank" name="bootStrap.GoogleSearch" tests="1" failures="0" timestamp="26 Mar 2019 20:58:54 GMT" time="2.868" errors="0">
  <testcase name="invoke" time="2.868" classname="bootStrap.GoogleSearch"/>
</testsuite> <!-- bootStrap.GoogleSearch -->
