<?xml version="1.0" encoding="UTF-8"?>
<!-- Generated by org.testng.reporters.JUnitReportReporter -->
<testsuite skipped="0" hostname="Sashank" name="learnAutomation.WindowHandle" tests="1" failures="0" timestamp="17 Apr 2019 18:46:14 GMT" time="46.328" errors="0">
  <testcase name="explicitTest" time="46.328" classname="learnAutomation.WindowHandle"/>
</testsuite> <!-- learnAutomation.WindowHandle -->
