<?xml version="1.0" encoding="UTF-8"?>
<!-- Generated by org.testng.reporters.JUnitReportReporter -->
<testsuite skipped="0" hostname="Sashank" name="ExcelTest.ReadData" tests="5" failures="0" timestamp="17 Apr 2019 21:43:16 GMT" time="56.645" errors="0">
  <testcase name="login" time="10.016" classname="ExcelTest.ReadData"/>
  <testcase name="login" time="15.055" classname="ExcelTest.ReadData"/>
  <testcase name="login" time="10.958" classname="ExcelTest.ReadData"/>
  <testcase name="login" time="9.837" classname="ExcelTest.ReadData"/>
  <testcase name="login" time="10.779" classname="ExcelTest.ReadData"/>
</testsuite> <!-- ExcelTest.ReadData -->
