<?xml version="1.0" encoding="UTF-8"?>
<!-- Generated by org.testng.reporters.JUnitReportReporter -->
<testsuite skipped="0" hostname="Sashank" name="learnAutomation.LoginJupiterEdTest" tests="1" failures="0" timestamp="04 Feb 2019 21:59:25 GMT" time="1.145" errors="0">
  <testcase name="parentLogin" time="1.145" classname="learnAutomation.LoginJupiterEdTest"/>
</testsuite> <!-- learnAutomation.LoginJupiterEdTest -->
